[1.683s] DEBUG:colcon:Command line arguments: ['/usr/bin/colcon', 'build']
[1.683s] DEBUG:colcon:Parsed command line arguments: Namespace(log_base=None, log_level=None, verb_name='build', build_base='build', install_base='install', merge_install=False, symlink_install=False, test_result_base=None, continue_on_error=False, executor='parallel', parallel_workers=4, event_handlers=None, ignore_user_meta=False, metas=['./colcon.meta'], base_paths=['.'], packages_ignore=None, packages_ignore_regex=None, paths=None, packages_up_to=None, packages_up_to_regex=None, packages_above=None, packages_above_and_dependencies=None, packages_above_depth=None, packages_select_by_dep=None, packages_skip_by_dep=None, packages_skip_up_to=None, packages_select_build_failed=False, packages_skip_build_finished=False, packages_select_test_failures=False, packages_skip_test_passed=False, packages_select=None, packages_skip=None, packages_select_regex=None, packages_skip_regex=None, packages_start=None, packages_end=None, allow_overriding=[], cmake_args=None, cmake_target=None, cmake_target_skip_unavailable=False, cmake_clean_cache=False, cmake_clean_first=False, cmake_force_configure=False, ament_cmake_args=None, catkin_cmake_args=None, catkin_skip_building_tests=False, verb_parser=<colcon_defaults.argument_parser.defaults.DefaultArgumentsDecorator object at 0xffffb20995d0>, verb_extension=<colcon_core.verb.build.BuildVerb object at 0xffffb288a0b0>, main=<bound method BuildVerb.main of <colcon_core.verb.build.BuildVerb object at 0xffffb288a0b0>>)
[1.832s] Level 1:colcon.colcon_core.package_discovery:discover_packages(colcon_meta) check parameters
[1.833s] Level 1:colcon.colcon_core.package_discovery:discover_packages(recursive) check parameters
[1.833s] Level 1:colcon.colcon_core.package_discovery:discover_packages(ignore) check parameters
[1.833s] Level 1:colcon.colcon_core.package_discovery:discover_packages(path) check parameters
[1.833s] Level 1:colcon.colcon_core.package_discovery:discover_packages(colcon_meta) discover
[1.833s] Level 1:colcon.colcon_core.package_discovery:discover_packages(recursive) discover
[1.834s] INFO:colcon.colcon_core.package_discovery:Crawling recursively for packages in '/home/you/Env/ros2_ws'
[1.834s] Level 1:colcon.colcon_core.package_identification:_identify(.) by extensions ['ignore', 'ignore_ament_install']
[1.835s] Level 1:colcon.colcon_core.package_identification:_identify(.) by extension 'ignore'
[1.835s] Level 1:colcon.colcon_core.package_identification:_identify(.) by extension 'ignore_ament_install'
[1.835s] Level 1:colcon.colcon_core.package_identification:_identify(.) by extensions ['colcon_pkg']
[1.835s] Level 1:colcon.colcon_core.package_identification:_identify(.) by extension 'colcon_pkg'
[1.835s] Level 1:colcon.colcon_core.package_identification:_identify(.) by extensions ['colcon_meta']
[1.835s] Level 1:colcon.colcon_core.package_identification:_identify(.) by extension 'colcon_meta'
[1.836s] Level 1:colcon.colcon_core.package_identification:_identify(.) by extensions ['ros']
[1.836s] Level 1:colcon.colcon_core.package_identification:_identify(.) by extension 'ros'
[1.889s] Level 1:colcon.colcon_core.package_identification:_identify(.) by extensions ['cmake', 'python']
[1.889s] Level 1:colcon.colcon_core.package_identification:_identify(.) by extension 'cmake'
[1.889s] Level 1:colcon.colcon_core.package_identification:_identify(.) by extension 'python'
[1.889s] Level 1:colcon.colcon_core.package_identification:_identify(.) by extensions ['python_setup_py']
[1.889s] Level 1:colcon.colcon_core.package_identification:_identify(.) by extension 'python_setup_py'
[1.890s] Level 1:colcon.colcon_core.package_identification:_identify(build) by extensions ['ignore', 'ignore_ament_install']
[1.890s] Level 1:colcon.colcon_core.package_identification:_identify(build) by extension 'ignore'
[1.891s] Level 1:colcon.colcon_core.package_identification:_identify(build) ignored
[1.891s] Level 1:colcon.colcon_core.package_identification:_identify(install) by extensions ['ignore', 'ignore_ament_install']
[1.892s] Level 1:colcon.colcon_core.package_identification:_identify(install) by extension 'ignore'
[1.892s] Level 1:colcon.colcon_core.package_identification:_identify(install) ignored
[1.892s] Level 1:colcon.colcon_core.package_identification:_identify(log) by extensions ['ignore', 'ignore_ament_install']
[1.893s] Level 1:colcon.colcon_core.package_identification:_identify(log) by extension 'ignore'
[1.893s] Level 1:colcon.colcon_core.package_identification:_identify(log) ignored
[1.893s] Level 1:colcon.colcon_core.package_identification:_identify(src) by extensions ['ignore', 'ignore_ament_install']
[1.893s] Level 1:colcon.colcon_core.package_identification:_identify(src) by extension 'ignore'
[1.894s] Level 1:colcon.colcon_core.package_identification:_identify(src) by extension 'ignore_ament_install'
[1.894s] Level 1:colcon.colcon_core.package_identification:_identify(src) by extensions ['colcon_pkg']
[1.894s] Level 1:colcon.colcon_core.package_identification:_identify(src) by extension 'colcon_pkg'
[1.894s] Level 1:colcon.colcon_core.package_identification:_identify(src) by extensions ['colcon_meta']
[1.894s] Level 1:colcon.colcon_core.package_identification:_identify(src) by extension 'colcon_meta'
[1.895s] Level 1:colcon.colcon_core.package_identification:_identify(src) by extensions ['ros']
[1.895s] Level 1:colcon.colcon_core.package_identification:_identify(src) by extension 'ros'
[1.895s] Level 1:colcon.colcon_core.package_identification:_identify(src) by extensions ['cmake', 'python']
[1.895s] Level 1:colcon.colcon_core.package_identification:_identify(src) by extension 'cmake'
[1.895s] Level 1:colcon.colcon_core.package_identification:_identify(src) by extension 'python'
[1.895s] Level 1:colcon.colcon_core.package_identification:_identify(src) by extensions ['python_setup_py']
[1.896s] Level 1:colcon.colcon_core.package_identification:_identify(src) by extension 'python_setup_py'
[1.896s] Level 1:colcon.colcon_core.package_identification:_identify(src/central_point) by extensions ['ignore', 'ignore_ament_install']
[1.896s] Level 1:colcon.colcon_core.package_identification:_identify(src/central_point) by extension 'ignore'
[1.897s] Level 1:colcon.colcon_core.package_identification:_identify(src/central_point) by extension 'ignore_ament_install'
[1.897s] Level 1:colcon.colcon_core.package_identification:_identify(src/central_point) by extensions ['colcon_pkg']
[1.897s] Level 1:colcon.colcon_core.package_identification:_identify(src/central_point) by extension 'colcon_pkg'
[1.897s] Level 1:colcon.colcon_core.package_identification:_identify(src/central_point) by extensions ['colcon_meta']
[1.897s] Level 1:colcon.colcon_core.package_identification:_identify(src/central_point) by extension 'colcon_meta'
[1.898s] Level 1:colcon.colcon_core.package_identification:_identify(src/central_point) by extensions ['ros']
[1.898s] Level 1:colcon.colcon_core.package_identification:_identify(src/central_point) by extension 'ros'
[1.907s] DEBUG:colcon.colcon_core.package_identification:Package 'src/central_point' with type 'ros.ament_python' and name 'central_point'
[1.908s] Level 1:colcon.colcon_core.package_discovery:discover_packages(recursive) using defaults
[1.908s] Level 1:colcon.colcon_core.package_discovery:discover_packages(ignore) discover
[1.908s] Level 1:colcon.colcon_core.package_discovery:discover_packages(ignore) using defaults
[1.908s] Level 1:colcon.colcon_core.package_discovery:discover_packages(path) discover
[1.908s] Level 1:colcon.colcon_core.package_discovery:discover_packages(path) using defaults
[2.008s] Level 1:colcon.colcon_core.package_discovery:discover_packages(prefix_path) check parameters
[2.009s] Level 1:colcon.colcon_core.package_discovery:discover_packages(prefix_path) discover
[2.022s] DEBUG:colcon.colcon_installed_package_information.package_discovery:Found 1 installed packages in /home/you/Env/ros2_ws/install
[2.035s] DEBUG:colcon.colcon_installed_package_information.package_discovery:Found 270 installed packages in /opt/ros/humble
[2.046s] Level 1:colcon.colcon_core.package_discovery:discover_packages(prefix_path) using defaults
[2.373s] Level 5:colcon.colcon_core.verb:set package 'central_point' build argument 'cmake_args' from command line to 'None'
[2.373s] Level 5:colcon.colcon_core.verb:set package 'central_point' build argument 'cmake_target' from command line to 'None'
[2.373s] Level 5:colcon.colcon_core.verb:set package 'central_point' build argument 'cmake_target_skip_unavailable' from command line to 'False'
[2.374s] Level 5:colcon.colcon_core.verb:set package 'central_point' build argument 'cmake_clean_cache' from command line to 'False'
[2.374s] Level 5:colcon.colcon_core.verb:set package 'central_point' build argument 'cmake_clean_first' from command line to 'False'
[2.374s] Level 5:colcon.colcon_core.verb:set package 'central_point' build argument 'cmake_force_configure' from command line to 'False'
[2.374s] Level 5:colcon.colcon_core.verb:set package 'central_point' build argument 'ament_cmake_args' from command line to 'None'
[2.374s] Level 5:colcon.colcon_core.verb:set package 'central_point' build argument 'catkin_cmake_args' from command line to 'None'
[2.374s] Level 5:colcon.colcon_core.verb:set package 'central_point' build argument 'catkin_skip_building_tests' from command line to 'False'
[2.375s] DEBUG:colcon.colcon_core.verb:Building package 'central_point' with the following arguments: {'ament_cmake_args': None, 'build_base': '/home/you/Env/ros2_ws/build/central_point', 'catkin_cmake_args': None, 'catkin_skip_building_tests': False, 'cmake_args': None, 'cmake_clean_cache': False, 'cmake_clean_first': False, 'cmake_force_configure': False, 'cmake_target': None, 'cmake_target_skip_unavailable': False, 'install_base': '/home/you/Env/ros2_ws/install/central_point', 'merge_install': False, 'path': '/home/you/Env/ros2_ws/src/central_point', 'symlink_install': False, 'test_result_base': None}
[2.379s] INFO:colcon.colcon_core.executor:Executing jobs using 'parallel' executor
[2.398s] DEBUG:colcon.colcon_parallel_executor.executor.parallel:run_until_complete
[2.399s] INFO:colcon.colcon_ros.task.ament_python.build:Building ROS package in '/home/you/Env/ros2_ws/src/central_point' with build type 'ament_python'
[2.399s] Level 1:colcon.colcon_core.shell:create_environment_hook('central_point', 'ament_prefix_path')
[2.425s] INFO:colcon.colcon_core.plugin_system:Skipping extension 'colcon_core.shell.bat': Not used on non-Windows systems
[2.426s] INFO:colcon.colcon_core.shell:Creating environment hook '/home/you/Env/ros2_ws/install/central_point/share/central_point/hook/ament_prefix_path.ps1'
[2.429s] INFO:colcon.colcon_core.shell:Creating environment descriptor '/home/you/Env/ros2_ws/install/central_point/share/central_point/hook/ament_prefix_path.dsv'
[2.431s] INFO:colcon.colcon_core.shell:Creating environment hook '/home/you/Env/ros2_ws/install/central_point/share/central_point/hook/ament_prefix_path.sh'
[2.441s] INFO:colcon.colcon_core.shell:Skip shell extension 'powershell' for command environment: Not usable outside of PowerShell
[2.441s] DEBUG:colcon.colcon_core.shell:Skip shell extension 'dsv' for command environment
[3.838s] INFO:colcon.colcon_core.task.python.build:Building Python package in '/home/you/Env/ros2_ws/src/central_point'
[3.844s] INFO:colcon.colcon_core.shell:Skip shell extension 'powershell' for command environment: Not usable outside of PowerShell
[3.845s] DEBUG:colcon.colcon_core.shell:Skip shell extension 'dsv' for command environment
[5.582s] DEBUG:colcon.colcon_core.event_handler.log_command:Invoking command in '/home/you/Env/ros2_ws/src/central_point': PYTHONPATH=/home/you/Env/ros2_ws/build/central_point/prefix_override:/home/you/Env/ros2_ws/install/central_point/lib/python3.10/site-packages:${PYTHONPATH} /usr/bin/python3 setup.py egg_info --egg-base ../../build/central_point build --build-base /home/you/Env/ros2_ws/build/central_point/build install --record /home/you/Env/ros2_ws/build/central_point/install.log --single-version-externally-managed
[7.109s] DEBUG:colcon.colcon_core.event_handler.log_command:Invoked command in '/home/you/Env/ros2_ws/src/central_point' returned '0': PYTHONPATH=/home/you/Env/ros2_ws/build/central_point/prefix_override:/home/you/Env/ros2_ws/install/central_point/lib/python3.10/site-packages:${PYTHONPATH} /usr/bin/python3 setup.py egg_info --egg-base ../../build/central_point build --build-base /home/you/Env/ros2_ws/build/central_point/build install --record /home/you/Env/ros2_ws/build/central_point/install.log --single-version-externally-managed
[7.132s] Level 1:colcon.colcon_core.environment:checking '/home/you/Env/ros2_ws/install/central_point' for CMake module files
[7.135s] Level 1:colcon.colcon_core.environment:checking '/home/you/Env/ros2_ws/install/central_point' for CMake config files
[7.139s] Level 1:colcon.colcon_core.environment:checking '/home/you/Env/ros2_ws/install/central_point/lib'
[7.140s] Level 1:colcon.colcon_core.environment:checking '/home/you/Env/ros2_ws/install/central_point/bin'
[7.140s] Level 1:colcon.colcon_core.environment:checking '/home/you/Env/ros2_ws/install/central_point/lib/pkgconfig/central_point.pc'
[7.141s] Level 1:colcon.colcon_core.environment:checking '/home/you/Env/ros2_ws/install/central_point/lib/python3.10/site-packages'
[7.142s] Level 1:colcon.colcon_core.shell:create_environment_hook('central_point', 'pythonpath')
[7.147s] INFO:colcon.colcon_core.shell:Creating environment hook '/home/you/Env/ros2_ws/install/central_point/share/central_point/hook/pythonpath.ps1'
[7.150s] INFO:colcon.colcon_core.shell:Creating environment descriptor '/home/you/Env/ros2_ws/install/central_point/share/central_point/hook/pythonpath.dsv'
[7.151s] INFO:colcon.colcon_core.shell:Creating environment hook '/home/you/Env/ros2_ws/install/central_point/share/central_point/hook/pythonpath.sh'
[7.154s] Level 1:colcon.colcon_core.environment:checking '/home/you/Env/ros2_ws/install/central_point/bin'
[7.154s] Level 1:colcon.colcon_core.environment:create_environment_scripts_only(central_point)
[7.160s] INFO:colcon.colcon_core.shell:Creating package script '/home/you/Env/ros2_ws/install/central_point/share/central_point/package.ps1'
[7.164s] INFO:colcon.colcon_core.shell:Creating package descriptor '/home/you/Env/ros2_ws/install/central_point/share/central_point/package.dsv'
[7.167s] INFO:colcon.colcon_core.shell:Creating package script '/home/you/Env/ros2_ws/install/central_point/share/central_point/package.sh'
[7.170s] INFO:colcon.colcon_core.shell:Creating package script '/home/you/Env/ros2_ws/install/central_point/share/central_point/package.bash'
[7.174s] INFO:colcon.colcon_core.shell:Creating package script '/home/you/Env/ros2_ws/install/central_point/share/central_point/package.zsh'
[7.177s] Level 1:colcon.colcon_core.environment:create_file_with_runtime_dependencies(/home/you/Env/ros2_ws/install/central_point/share/colcon-core/packages/central_point)
[7.179s] DEBUG:colcon.colcon_parallel_executor.executor.parallel:closing loop
[7.180s] DEBUG:colcon.colcon_parallel_executor.executor.parallel:loop closed
[7.180s] DEBUG:colcon.colcon_parallel_executor.executor.parallel:run_until_complete finished with '0'
[7.181s] DEBUG:colcon.colcon_core.event_reactor:joining thread
[7.207s] INFO:colcon.colcon_core.plugin_system:Skipping extension 'colcon_notification.desktop_notification.terminal_notifier': Not used on non-Darwin systems
[7.208s] INFO:colcon.colcon_core.plugin_system:Skipping extension 'colcon_notification.desktop_notification.win32': Not used on non-Windows systems
[7.208s] INFO:colcon.colcon_notification.desktop_notification:Sending desktop notification using 'notify2'
[7.213s] DEBUG:colcon.colcon_notification.desktop_notification.notify2:Failed to initialize notify2: org.freedesktop.DBus.Error.ServiceUnknown: The name org.freedesktop.Notifications was not provided by any .service files
[7.214s] DEBUG:colcon.colcon_core.event_reactor:joined thread
[7.220s] INFO:colcon.colcon_core.shell:Creating prefix script '/home/you/Env/ros2_ws/install/local_setup.ps1'
[7.226s] INFO:colcon.colcon_core.shell:Creating prefix util module '/home/you/Env/ros2_ws/install/_local_setup_util_ps1.py'
[7.233s] INFO:colcon.colcon_core.shell:Creating prefix chain script '/home/you/Env/ros2_ws/install/setup.ps1'
[7.240s] INFO:colcon.colcon_core.shell:Creating prefix script '/home/you/Env/ros2_ws/install/local_setup.sh'
[7.243s] INFO:colcon.colcon_core.shell:Creating prefix util module '/home/you/Env/ros2_ws/install/_local_setup_util_sh.py'
[7.245s] INFO:colcon.colcon_core.shell:Creating prefix chain script '/home/you/Env/ros2_ws/install/setup.sh'
[7.252s] INFO:colcon.colcon_core.shell:Creating prefix script '/home/you/Env/ros2_ws/install/local_setup.bash'
[7.254s] INFO:colcon.colcon_core.shell:Creating prefix chain script '/home/you/Env/ros2_ws/install/setup.bash'
[7.261s] INFO:colcon.colcon_core.shell:Creating prefix script '/home/you/Env/ros2_ws/install/local_setup.zsh'
[7.263s] INFO:colcon.colcon_core.shell:Creating prefix chain script '/home/you/Env/ros2_ws/install/setup.zsh'
