running egg_info
writing ../../build/central_point/central_point.egg-info/PKG-INFO
writing dependency_links to ../../build/central_point/central_point.egg-info/dependency_links.txt
writing entry points to ../../build/central_point/central_point.egg-info/entry_points.txt
writing requirements to ../../build/central_point/central_point.egg-info/requires.txt
writing top-level names to ../../build/central_point/central_point.egg-info/top_level.txt
reading manifest file '../../build/central_point/central_point.egg-info/SOURCES.txt'
writing manifest file '../../build/central_point/central_point.egg-info/SOURCES.txt'
running build
running build_py
copying central_point/local_planner_node.py -> /home/you/Env/ros2_ws/build/central_point/build/lib/central_point
copying central_point/safety_guard_node.py -> /home/you/Env/ros2_ws/build/central_point/build/lib/central_point
running install
/usr/lib/python3/dist-packages/setuptools/command/install.py:34: SetuptoolsDeprecationWarning: setup.py install is deprecated. Use build and pip and other standards-based tools.
  warnings.warn(
running install_lib
copying /home/you/Env/ros2_ws/build/central_point/build/lib/central_point/local_planner_node.py -> /home/you/Env/ros2_ws/install/central_point/lib/python3.10/site-packages/central_point
copying /home/you/Env/ros2_ws/build/central_point/build/lib/central_point/safety_guard_node.py -> /home/you/Env/ros2_ws/install/central_point/lib/python3.10/site-packages/central_point
byte-compiling /home/you/Env/ros2_ws/install/central_point/lib/python3.10/site-packages/central_point/local_planner_node.py to local_planner_node.cpython-310.pyc
byte-compiling /home/you/Env/ros2_ws/install/central_point/lib/python3.10/site-packages/central_point/safety_guard_node.py to safety_guard_node.cpython-310.pyc
running install_data
running install_egg_info
removing '/home/you/Env/ros2_ws/install/central_point/lib/python3.10/site-packages/central_point-0.0.0-py3.10.egg-info' (and everything under it)
Copying ../../build/central_point/central_point.egg-info to /home/you/Env/ros2_ws/install/central_point/lib/python3.10/site-packages/central_point-0.0.0-py3.10.egg-info
running install_scripts
Installing local_planner_node script to /home/you/Env/ros2_ws/install/central_point/lib/central_point
Installing safety_guard script to /home/you/Env/ros2_ws/install/central_point/lib/central_point
writing list of installed files to '/home/you/Env/ros2_ws/build/central_point/install.log'
