[3.178s] Invoking command in '/home/you/Env/ros2_ws/src/central_point': PYTHONPATH=/home/you/Env/ros2_ws/build/central_point/prefix_override:/home/you/Env/ros2_ws/install/central_point/lib/python3.10/site-packages:${PYTHONPATH} /usr/bin/python3 setup.py egg_info --egg-base ../../build/central_point build --build-base /home/you/Env/ros2_ws/build/central_point/build install --record /home/you/Env/ros2_ws/build/central_point/install.log --single-version-externally-managed
[4.438s] running egg_info
[4.441s] writing ../../build/central_point/central_point.egg-info/PKG-INFO
[4.442s] writing dependency_links to ../../build/central_point/central_point.egg-info/dependency_links.txt
[4.443s] writing entry points to ../../build/central_point/central_point.egg-info/entry_points.txt
[4.444s] writing requirements to ../../build/central_point/central_point.egg-info/requires.txt
[4.445s] writing top-level names to ../../build/central_point/central_point.egg-info/top_level.txt
[4.454s] reading manifest file '../../build/central_point/central_point.egg-info/SOURCES.txt'
[4.458s] writing manifest file '../../build/central_point/central_point.egg-info/SOURCES.txt'
[4.459s] running build
[4.459s] running build_py
[4.460s] copying central_point/local_planner_node.py -> /home/you/Env/ros2_ws/build/central_point/build/lib/central_point
[4.461s] copying central_point/safety_guard_node.py -> /home/you/Env/ros2_ws/build/central_point/build/lib/central_point
[4.462s] running install
[4.463s] /usr/lib/python3/dist-packages/setuptools/command/install.py:34: SetuptoolsDeprecationWarning: setup.py install is deprecated. Use build and pip and other standards-based tools.
[4.463s]   warnings.warn(
[4.464s] running install_lib
[4.468s] copying /home/you/Env/ros2_ws/build/central_point/build/lib/central_point/local_planner_node.py -> /home/you/Env/ros2_ws/install/central_point/lib/python3.10/site-packages/central_point
[4.469s] copying /home/you/Env/ros2_ws/build/central_point/build/lib/central_point/safety_guard_node.py -> /home/you/Env/ros2_ws/install/central_point/lib/python3.10/site-packages/central_point
[4.472s] byte-compiling /home/you/Env/ros2_ws/install/central_point/lib/python3.10/site-packages/central_point/local_planner_node.py to local_planner_node.cpython-310.pyc
[4.474s] byte-compiling /home/you/Env/ros2_ws/install/central_point/lib/python3.10/site-packages/central_point/safety_guard_node.py to safety_guard_node.cpython-310.pyc
[4.475s] running install_data
[4.478s] running install_egg_info
[4.484s] removing '/home/you/Env/ros2_ws/install/central_point/lib/python3.10/site-packages/central_point-0.0.0-py3.10.egg-info' (and everything under it)
[4.486s] Copying ../../build/central_point/central_point.egg-info to /home/you/Env/ros2_ws/install/central_point/lib/python3.10/site-packages/central_point-0.0.0-py3.10.egg-info
[4.492s] running install_scripts
[4.581s] Installing local_planner_node script to /home/you/Env/ros2_ws/install/central_point/lib/central_point
[4.582s] Installing safety_guard script to /home/you/Env/ros2_ws/install/central_point/lib/central_point
[4.583s] writing list of installed files to '/home/you/Env/ros2_ws/build/central_point/install.log'
[4.705s] Invoked command in '/home/you/Env/ros2_ws/src/central_point' returned '0': PYTHONPATH=/home/you/Env/ros2_ws/build/central_point/prefix_override:/home/you/Env/ros2_ws/install/central_point/lib/python3.10/site-packages:${PYTHONPATH} /usr/bin/python3 setup.py egg_info --egg-base ../../build/central_point build --build-base /home/you/Env/ros2_ws/build/central_point/build install --record /home/you/Env/ros2_ws/build/central_point/install.log --single-version-externally-managed
