[3.209s] Invoking command in '/home/you/Env/ros2_ws/src/central_point': PYTHONPATH=/home/you/Env/ros2_ws/build/central_point/prefix_override:/home/you/Env/ros2_ws/install/central_point/lib/python3.10/site-packages:${PYTHONPATH} /usr/bin/python3 setup.py egg_info --egg-base ../../build/central_point build --build-base /home/you/Env/ros2_ws/build/central_point/build install --record /home/you/Env/ros2_ws/build/central_point/install.log --single-version-externally-managed
[4.505s] running egg_info
[4.508s] writing ../../build/central_point/central_point.egg-info/PKG-INFO
[4.509s] writing dependency_links to ../../build/central_point/central_point.egg-info/dependency_links.txt
[4.510s] writing entry points to ../../build/central_point/central_point.egg-info/entry_points.txt
[4.511s] writing requirements to ../../build/central_point/central_point.egg-info/requires.txt
[4.512s] writing top-level names to ../../build/central_point/central_point.egg-info/top_level.txt
[4.520s] reading manifest file '../../build/central_point/central_point.egg-info/SOURCES.txt'
[4.525s] writing manifest file '../../build/central_point/central_point.egg-info/SOURCES.txt'
[4.525s] running build
[4.526s] running build_py
[4.527s] running install
[4.528s] /usr/lib/python3/dist-packages/setuptools/command/install.py:34: SetuptoolsDeprecationWarning: setup.py install is deprecated. Use build and pip and other standards-based tools.
[4.529s]   warnings.warn(
[4.530s] running install_lib
[4.537s] running install_data
[4.539s] running install_egg_info
[4.546s] removing '/home/you/Env/ros2_ws/install/central_point/lib/python3.10/site-packages/central_point-0.0.0-py3.10.egg-info' (and everything under it)
[4.548s] Copying ../../build/central_point/central_point.egg-info to /home/you/Env/ros2_ws/install/central_point/lib/python3.10/site-packages/central_point-0.0.0-py3.10.egg-info
[4.553s] running install_scripts
[4.641s] Installing local_planner_node script to /home/you/Env/ros2_ws/install/central_point/lib/central_point
[4.642s] Installing safety_guard script to /home/you/Env/ros2_ws/install/central_point/lib/central_point
[4.644s] writing list of installed files to '/home/you/Env/ros2_ws/build/central_point/install.log'
[4.766s] Invoked command in '/home/you/Env/ros2_ws/src/central_point' returned '0': PYTHONPATH=/home/you/Env/ros2_ws/build/central_point/prefix_override:/home/you/Env/ros2_ws/install/central_point/lib/python3.10/site-packages:${PYTHONPATH} /usr/bin/python3 setup.py egg_info --egg-base ../../build/central_point build --build-base /home/you/Env/ros2_ws/build/central_point/build install --record /home/you/Env/ros2_ws/build/central_point/install.log --single-version-externally-managed
